<?xml version="1.0" encoding="UTF-8"?>
<testsuite name="com.android.foodorderapp.ExampleUnitTest" tests="1" skipped="0" failures="0" errors="0" timestamp="2023-05-11T08:04:49" hostname="LAPTOP-DVKEHH2G" time="0.002">
  <properties/>
  <testcase name="addition_isCorrect" classname="com.android.foodorderapp.ExampleUnitTest" time="0.002"/>
  <system-out><![CDATA[]]></system-out>
  <system-err><![CDATA[]]></system-err>
</testsuite>
